[2016-11-03 03:09:59] local.ERROR: Doctrine\DBAL\DBALException: Unknown column type "timestamp" requested. Any Doctrine type that you use has to be registered with \Doctrine\DBAL\Types\Type::addType(). You can get a list of all the known types with \Doctrine\DBAL\Types\Type::getTypesMap(). If this error occurs during database introspection then you might have forgot to register all database types for a Doctrine Type. Use AbstractPlatform#registerDoctrineTypeMapping() or have your custom types implement Type#getMappedDatabaseTypes(). If the type name is empty you might have a problem with the cache or forgot some mapping information. in /var/www/html/rms616/source/vendor/doctrine/dbal/lib/Doctrine/DBAL/DBALException.php:240
Stack trace:
#0 /var/www/html/rms616/source/vendor/doctrine/dbal/lib/Doctrine/DBAL/Types/Type.php(172): Doctrine\DBAL\DBALException::unknownColumnType('timestamp')
#1 /var/www/html/rms616/source/vendor/laravel/framework/src/Illuminate/Database/Schema/Grammars/Grammar.php(404): Doctrine\DBAL\Types\Type::getType('timestamp')
#2 /var/www/html/rms616/source/vendor/laravel/framework/src/Illuminate/Database/Schema/Grammars/Grammar.php(369): Illuminate\Database\Schema\Grammars\Grammar->getDoctrineColumnType('timestamp')
#3 /var/www/html/rms616/source/vendor/laravel/framework/src/Illuminate/Database/Schema/Grammars/Grammar.php(357): Illuminate\Database\Schema\Grammars\Grammar->getDoctrineColumnChangeOptions(Object(Illuminate\Support\Fluent))
#4 /var/www/html/rms616/source/vendor/laravel/framework/src/Illuminate/Database/Schema/Grammars/Grammar.php(330): Illuminate\Database\Schema\Grammars\Grammar->getDoctrineColumnForChange(Object(Doctrine\DBAL\Schema\Table), Object(Illuminate\Support\Fluent))
#5 /var/www/html/rms616/source/vendor/laravel/framework/src/Illuminate/Database/Schema/Grammars/Grammar.php(315): Illuminate\Database\Schema\Grammars\Grammar->getTableWithColumnChanges(Object(Illuminate\Database\Schema\Blueprint), Object(Doctrine\DBAL\Schema\Table))
#6 /var/www/html/rms616/source/vendor/laravel/framework/src/Illuminate/Database/Schema/Grammars/Grammar.php(295): Illuminate\Database\Schema\Grammars\Grammar->getChangedDiff(Object(Illuminate\Database\Schema\Blueprint), Object(Doctrine\DBAL\Schema\MySqlSchemaManager))
#7 /var/www/html/rms616/source/vendor/laravel/framework/src/Illuminate/Database/Schema/Blueprint.php(107): Illuminate\Database\Schema\Grammars\Grammar->compileChange(Object(Illuminate\Database\Schema\Blueprint), Object(Illuminate\Support\Fluent), Object(Illuminate\Database\MySqlConnection))
#8 /var/www/html/rms616/source/vendor/laravel/framework/src/Illuminate/Database/Schema/Blueprint.php(82): Illuminate\Database\Schema\Blueprint->toSql(Object(Illuminate\Database\MySqlConnection), Object(Illuminate\Database\Schema\Grammars\MySqlGrammar))
#9 /var/www/html/rms616/source/vendor/laravel/framework/src/Illuminate/Database/Schema/Builder.php(229): Illuminate\Database\Schema\Blueprint->build(Object(Illuminate\Database\MySqlConnection), Object(Illuminate\Database\Schema\Grammars\MySqlGrammar))
#10 /var/www/html/rms616/source/vendor/laravel/framework/src/Illuminate/Database/Schema/Builder.php(130): Illuminate\Database\Schema\Builder->build(Object(Illuminate\Database\Schema\Blueprint))
#11 /var/www/html/rms616/source/vendor/laravel/framework/src/Illuminate/Support/Facades/Facade.php(219): Illuminate\Database\Schema\Builder->table('password_resets', Object(Closure))
#12 /var/www/html/rms616/source/database/migrations/2016_11_03_030830_update_password_resets_table.php(17): Illuminate\Support\Facades\Facade::__callStatic('table', Array)
#13 /var/www/html/rms616/source/vendor/laravel/framework/src/Illuminate/Database/Migrations/Migrator.php(147): UpdatePasswordResetsTable->up()
#14 /var/www/html/rms616/source/vendor/laravel/framework/src/Illuminate/Database/Migrations/Migrator.php(117): Illuminate\Database\Migrations\Migrator->runUp('2016_11_03_0308...', 19, false)
#15 /var/www/html/rms616/source/vendor/laravel/framework/src/Illuminate/Database/Migrations/Migrator.php(86): Illuminate\Database\Migrations\Migrator->runMigrationList(Array, Array)
#16 /var/www/html/rms616/source/vendor/laravel/framework/src/Illuminate/Database/Console/Migrations/MigrateCommand.php(76): Illuminate\Database\Migrations\Migrator->run('/var/www/html/r...', Array)
#17 [internal function]: Illuminate\Database\Console\Migrations\MigrateCommand->fire()
#18 /var/www/html/rms616/source/vendor/laravel/framework/src/Illuminate/Container/Container.php(507): call_user_func_array(Array, Array)
#19 /var/www/html/rms616/source/vendor/laravel/framework/src/Illuminate/Console/Command.php(169): Illuminate\Container\Container->call(Array)
#20 /var/www/html/rms616/source/vendor/symfony/console/Command/Command.php(256): Illuminate\Console\Command->execute(Object(Symfony\Component\Console\Input\ArgvInput), Object(Symfony\Component\Console\Output\ConsoleOutput))
#21 /var/www/html/rms616/source/vendor/laravel/framework/src/Illuminate/Console/Command.php(155): Symfony\Component\Console\Command\Command->run(Object(Symfony\Component\Console\Input\ArgvInput), Object(Symfony\Component\Console\Output\ConsoleOutput))
#22 /var/www/html/rms616/source/vendor/symfony/console/Application.php(794): Illuminate\Console\Command->run(Object(Symfony\Component\Console\Input\ArgvInput), Object(Symfony\Component\Console\Output\ConsoleOutput))
#23 /var/www/html/rms616/source/vendor/symfony/console/Application.php(186): Symfony\Component\Console\Application->doRunCommand(Object(Illuminate\Database\Console\Migrations\MigrateCommand), Object(Symfony\Component\Console\Input\ArgvInput), Object(Symfony\Component\Console\Output\ConsoleOutput))
#24 /var/www/html/rms616/source/vendor/symfony/console/Application.php(117): Symfony\Component\Console\Application->doRun(Object(Symfony\Component\Console\Input\ArgvInput), Object(Symfony\Component\Console\Output\ConsoleOutput))
#25 /var/www/html/rms616/source/vendor/laravel/framework/src/Illuminate/Foundation/Console/Kernel.php(107): Symfony\Component\Console\Application->run(Object(Symfony\Component\Console\Input\ArgvInput), Object(Symfony\Component\Console\Output\ConsoleOutput))
#26 /var/www/html/rms616/source/artisan(35): Illuminate\Foundation\Console\Kernel->handle(Object(Symfony\Component\Console\Input\ArgvInput), Object(Symfony\Component\Console\Output\ConsoleOutput))
#27 {main}  
[2016-11-03 03:10:27] local.ERROR: Doctrine\DBAL\DBALException: Unknown column type "timestamp" requested. Any Doctrine type that you use has to be registered with \Doctrine\DBAL\Types\Type::addType(). You can get a list of all the known types with \Doctrine\DBAL\Types\Type::getTypesMap(). If this error occurs during database introspection then you might have forgot to register all database types for a Doctrine Type. Use AbstractPlatform#registerDoctrineTypeMapping() or have your custom types implement Type#getMappedDatabaseTypes(). If the type name is empty you might have a problem with the cache or forgot some mapping information. in /var/www/html/rms616/source/vendor/doctrine/dbal/lib/Doctrine/DBAL/DBALException.php:240
Stack trace:
#0 /var/www/html/rms616/source/vendor/doctrine/dbal/lib/Doctrine/DBAL/Types/Type.php(172): Doctrine\DBAL\DBALException::unknownColumnType('timestamp')
#1 /var/www/html/rms616/source/vendor/laravel/framework/src/Illuminate/Database/Schema/Grammars/Grammar.php(404): Doctrine\DBAL\Types\Type::getType('timestamp')
#2 /var/www/html/rms616/source/vendor/laravel/framework/src/Illuminate/Database/Schema/Grammars/Grammar.php(369): Illuminate\Database\Schema\Grammars\Grammar->getDoctrineColumnType('timestamp')
#3 /var/www/html/rms616/source/vendor/laravel/framework/src/Illuminate/Database/Schema/Grammars/Grammar.php(357): Illuminate\Database\Schema\Grammars\Grammar->getDoctrineColumnChangeOptions(Object(Illuminate\Support\Fluent))
#4 /var/www/html/rms616/source/vendor/laravel/framework/src/Illuminate/Database/Schema/Grammars/Grammar.php(330): Illuminate\Database\Schema\Grammars\Grammar->getDoctrineColumnForChange(Object(Doctrine\DBAL\Schema\Table), Object(Illuminate\Support\Fluent))
#5 /var/www/html/rms616/source/vendor/laravel/framework/src/Illuminate/Database/Schema/Grammars/Grammar.php(315): Illuminate\Database\Schema\Grammars\Grammar->getTableWithColumnChanges(Object(Illuminate\Database\Schema\Blueprint), Object(Doctrine\DBAL\Schema\Table))
#6 /var/www/html/rms616/source/vendor/laravel/framework/src/Illuminate/Database/Schema/Grammars/Grammar.php(295): Illuminate\Database\Schema\Grammars\Grammar->getChangedDiff(Object(Illuminate\Database\Schema\Blueprint), Object(Doctrine\DBAL\Schema\MySqlSchemaManager))
#7 /var/www/html/rms616/source/vendor/laravel/framework/src/Illuminate/Database/Schema/Blueprint.php(107): Illuminate\Database\Schema\Grammars\Grammar->compileChange(Object(Illuminate\Database\Schema\Blueprint), Object(Illuminate\Support\Fluent), Object(Illuminate\Database\MySqlConnection))
#8 /var/www/html/rms616/source/vendor/laravel/framework/src/Illuminate/Database/Schema/Blueprint.php(82): Illuminate\Database\Schema\Blueprint->toSql(Object(Illuminate\Database\MySqlConnection), Object(Illuminate\Database\Schema\Grammars\MySqlGrammar))
#9 /var/www/html/rms616/source/vendor/laravel/framework/src/Illuminate/Database/Schema/Builder.php(229): Illuminate\Database\Schema\Blueprint->build(Object(Illuminate\Database\MySqlConnection), Object(Illuminate\Database\Schema\Grammars\MySqlGrammar))
#10 /var/www/html/rms616/source/vendor/laravel/framework/src/Illuminate/Database/Schema/Builder.php(130): Illuminate\Database\Schema\Builder->build(Object(Illuminate\Database\Schema\Blueprint))
#11 /var/www/html/rms616/source/vendor/laravel/framework/src/Illuminate/Support/Facades/Facade.php(219): Illuminate\Database\Schema\Builder->table('password_resets', Object(Closure))
#12 /var/www/html/rms616/source/database/migrations/2016_11_03_030830_update_password_resets_table.php(17): Illuminate\Support\Facades\Facade::__callStatic('table', Array)
#13 /var/www/html/rms616/source/vendor/laravel/framework/src/Illuminate/Database/Migrations/Migrator.php(147): UpdatePasswordResetsTable->up()
#14 /var/www/html/rms616/source/vendor/laravel/framework/src/Illuminate/Database/Migrations/Migrator.php(117): Illuminate\Database\Migrations\Migrator->runUp('2016_11_03_0308...', 19, false)
#15 /var/www/html/rms616/source/vendor/laravel/framework/src/Illuminate/Database/Migrations/Migrator.php(86): Illuminate\Database\Migrations\Migrator->runMigrationList(Array, Array)
#16 /var/www/html/rms616/source/vendor/laravel/framework/src/Illuminate/Database/Console/Migrations/MigrateCommand.php(76): Illuminate\Database\Migrations\Migrator->run('/var/www/html/r...', Array)
#17 [internal function]: Illuminate\Database\Console\Migrations\MigrateCommand->fire()
#18 /var/www/html/rms616/source/vendor/laravel/framework/src/Illuminate/Container/Container.php(507): call_user_func_array(Array, Array)
#19 /var/www/html/rms616/source/vendor/laravel/framework/src/Illuminate/Console/Command.php(169): Illuminate\Container\Container->call(Array)
#20 /var/www/html/rms616/source/vendor/symfony/console/Command/Command.php(256): Illuminate\Console\Command->execute(Object(Symfony\Component\Console\Input\ArgvInput), Object(Symfony\Component\Console\Output\ConsoleOutput))
#21 /var/www/html/rms616/source/vendor/laravel/framework/src/Illuminate/Console/Command.php(155): Symfony\Component\Console\Command\Command->run(Object(Symfony\Component\Console\Input\ArgvInput), Object(Symfony\Component\Console\Output\ConsoleOutput))
#22 /var/www/html/rms616/source/vendor/symfony/console/Application.php(794): Illuminate\Console\Command->run(Object(Symfony\Component\Console\Input\ArgvInput), Object(Symfony\Component\Console\Output\ConsoleOutput))
#23 /var/www/html/rms616/source/vendor/symfony/console/Application.php(186): Symfony\Component\Console\Application->doRunCommand(Object(Illuminate\Database\Console\Migrations\MigrateCommand), Object(Symfony\Component\Console\Input\ArgvInput), Object(Symfony\Component\Console\Output\ConsoleOutput))
#24 /var/www/html/rms616/source/vendor/symfony/console/Application.php(117): Symfony\Component\Console\Application->doRun(Object(Symfony\Component\Console\Input\ArgvInput), Object(Symfony\Component\Console\Output\ConsoleOutput))
#25 /var/www/html/rms616/source/vendor/laravel/framework/src/Illuminate/Foundation/Console/Kernel.php(107): Symfony\Component\Console\Application->run(Object(Symfony\Component\Console\Input\ArgvInput), Object(Symfony\Component\Console\Output\ConsoleOutput))
#26 /var/www/html/rms616/source/artisan(35): Illuminate\Foundation\Console\Kernel->handle(Object(Symfony\Component\Console\Input\ArgvInput), Object(Symfony\Component\Console\Output\ConsoleOutput))
#27 {main}  
